= Host-specific information ====================================================
$> hostname; uname -msr
e1z1r2p47.42.us.org
Darwin 15.6.0 x86_64
$> date
Mon Oct 17 23:22:25 PDT 2016
$> gcc --version
Configured with: --prefix=/Library/Developer/CommandLineTools/usr --with-gxx-include-dir=/usr/include/c++/4.2.1
Apple LLVM version 7.3.0 (clang-703.0.31)
Target: x86_64-apple-darwin15.6.0
Thread model: posix
InstalledDir: /Library/Developer/CommandLineTools/usr/bin
$> clang --version
Apple LLVM version 7.3.0 (clang-703.0.31)
Target: x86_64-apple-darwin15.6.0
Thread model: posix
InstalledDir: /Library/Developer/CommandLineTools/usr/bin

= User files collection ========================================================
Collecting user files from Vogsphere
Repository URL: auto-exam/2016/c-exam-beginner/practice-exam_20161018/dtse5

= Git history ==================================================================
$> git -C /var/folders/4q/7j92t1n13ss49y0v4r9sjnnw0000gp/T/tmpLeXQYw/user log --pretty='%H - %an, %ad : %s'
c30872d0998c39ac2a8fbd66cc4c38fe0ba8d3dc - tsetsefly, Mon Oct 17 23:22:03 2016 -0700 : trying
 
= Collected files ==========================================
$> ls -lAR /var/folders/4q/7j92t1n13ss49y0v4r9sjnnw0000gp/T/tmpLeXQYw/user
total 8
-rw-r--r--  1 deepthought  deepthought  254 Oct 17 23:22 __GIT_HISTORY
drwxr-xr-x  3 deepthought  deepthought  102 Oct 17 23:22 ft_list_remove_if

/var/folders/4q/7j92t1n13ss49y0v4r9sjnnw0000gp/T/tmpLeXQYw/user/ft_list_remove_if:
total 8
-rw-r--r--  1 deepthought  deepthought  1988 Oct 17 23:22 ft_list_remove_if.c
 
= ft_list_remove_if ============================================================
$> gcc -Wextra -Wall -Werror ft_list_remove_if.c ft_create_elem.c main.c -o user_exe 

= Test 1 ===================================================
$> ./own2pwv8tk8bup3439r71guz 
$> diff -U 3 user_output_test1 test1.output | cat -e

Diff OK :D
= Test 2 ===================================================
$> ./3owvxyfvnpvh1tr5wzeyg8tp "uRckTU3ZQl"
$> diff -U 3 user_output_test2 test2.output | cat -e

Diff OK :D
= Test 3 ===================================================
$> ./ezujvz1jgd2ja3m73o6tvhwr "DaSF"
$> diff -U 3 user_output_test3 test3.output | cat -e

Diff OK :D
= Test 4 ===================================================
$> ./3mmywtaxon7de5x48azjo2tl "AulMJEg JC9GahvLMi27 HZcyTIxMFJSeP aOE0z mFq 0yT2cU"
$> diff -U 3 user_output_test4 test4.output | cat -e

Diff OK :D
= Test 5 ===================================================
$> ./j93zuntxjuyngt7qpxr29of3 "XIVyZO1t aQSHfIq9FO0g dptGmcQNW5F786a3l 5h1Hpc0OBRGv qPNVJ7lDc h8D4 KI15GTtkicl iIMGqsZjdbYa SkXDaNpH0cG7P OdBgoqb47hI1 C32 RL4Zx 6OXoDh3a"
$> diff -U 3 user_output_test5 test5.output | cat -e

Diff OK :D
= Test 6 ===================================================
$> ./6bqkzvnla2yx7fh4bbtuq0dd "HE7Bp" "LT4taC7x9e30V" "B4F1Gnoticj7hV0E" "E3H29tQ" "Ln0q93o5AQmaOCyFX" "dfCNyepUu" "UlfcZr8P9euXy" "ay8F" "4pCIaYHJ0" "5YNo" "EqAvXlwV" "k0w3K5NLQvF"
$> diff -U 3 user_output_test6 test6.output | cat -e

Diff OK :D
= Test 7 ===================================================
$> ./3dkf40yzn66sjfb6slnhbxhq "qnyDfK58LOk7M" "RivsEK" "5tPLbkA" "EKv0jws5Ly9z" "uB1E3XH5oKWcb" "nJPXAfteBcqriLN" "rxqyNtn6Rb" "BlkxHFVsNu8i" "dxOi" "1pD8fOhEdcFwAMqVL" "pRhVy9zEQ"
$> diff -U 3 user_output_test7 test7.output | cat -e

Diff OK :D
= Test 8 ===================================================
$> ./f2hdscfs5brhrwerhhy8d81z "shok8ctLS" "NcifXSMYbmzI1" "o6mXGtTuYfU" "CMTsAtkKQ" "pBRDg3efvy7Hd6"
$> diff -U 3 user_output_test8 test8.output | cat -e

Diff OK :D
= Test 9 ===================================================
$> ./lbbx3yj4uwe3zlqvh2mqbb8o "VJUhn 7i2 xH2yf6zWYM7 WayXz2HNJ3Bl0w1 sbeiov 2yzH a6kv2hyRtOHjg PevZ7i8A6BJLdzuxK" "kTdvRjV bUNDZue 5PS9Tz2 e3Y ekFpK129ZjWuGOy wKJEWtMguriTSX6 2smO hprA iYa856PZ2ASgFbM WfHnU 1eTv N8sL4rkS LiOBje3YtzuF" "xuqPa7tn KjREe7Zi3y LlAsg0KzFv2W sgtEA6F 7J1RlxX4AwhtnP2 dsTbqEzGaZon0cerg CKdIqZjYE6XzrV Nw7IDduc4sp CJKiRcAEza12Dbpxm kqOXWwD6mVJSo LuEMfNBehFwTRO HYX raiApTm 6kO"
$> diff -U 3 user_output_test9 test9.output | cat -e

Diff OK :D
= Test 10 ==================================================
$> ./uqapv3t2s4zsmhpswlhzlz9z "YG4g3oblLQMKaXD Xejth cGnNdXfags4MwRim LAPCvTSc3lb 57JtdXOn LpiE8x23Fh G1Cl4" "W07qVb6s BO8dfgsoY3nG 310 d3uBGJMKq08W54cA f3QIWdSM uHA nbZDY Gr8Mg7Tpd3Bf pvWi By8wLDreUv2" "ITe5cxz0U D302pCkEfw 85OayqZekQNVxG kiwQHF9Z2ls R6qJriDyBGwEUoQ53 jzGIOu mSCuK2hPv 9zdZL0TYOeirGXbuS mrOi IMf46R5Z2krpiHo9C" "YVx7FHS l8b6d5RfsnHNBXM QZMpJike 5xuD1VqWJUhS2ePvs 4luUDOMJq 6CwjMftryl5F Mzq6PXmQNC Mx9i3ObkU" "plCY8yVveHZ s2o8JrEfhWxK MHB017 hIi4L2q7J5gFuwNn R7tmkPdVEyLu t3D dZ0lEM zZU84hsVm7tNqa R6ydJz OtBoNipsYy" "pXRt9chC wh23AeiqXT8ytg USqgLMNnQXzH UrWy5GIawqfx qhgDmCAeZLO9pY 5LdaiutmVFY1 s9bY3BIlk1i aEN3vH42y97rGjt smQq7RvB4cD iRz jlztu57kr9GOV" "shq8J2 Q0D9sky3rgO iJcVGKXyNoh BLXNg2V78x0SCDU AgvWjxdCE6hiz BSX3fDK6QUHh h821wVKmdvEDl UTDeJ7GKLz8ogn 5eTVHmQsWCpJ6q Bm07UZ4WdN iDfphZEx" "PHALl1Yqvk hsibkYmU NhK9m5t8w6ue3sG IN9glqxv 9N04LTWe dlL6qykJK 59zWCRvXJZ7t 3bH2ac9 qWgv9ISVJpfuElMst" "euNmCb29wRs8 YGUJo5 2K0WskV6F8B 6weGMrXby9aU3zhgo vSnCZHfuYEog3 sMzHO 3SP6mDY xRHEZboP215N4 8ACh3DsmcHq5 7JZo aALnCVO aqnwWXzME4mGQC 1VpSFi6oO9WChD IZQ 1L5FfjyM" "KrmO5ahjPZ XVbpdocZ8vTUIHkS 2hu1iIrwmQkzLqX 3Zba8Jyn kYtyBxoLNGS3jI VHilpa16xEQovBt k4Vl aNWoD xRrCJScn1 rKOpogWc2YQ YqtEWf h4cp06"
$> diff -U 3 user_output_test10 test10.output | cat -e

Diff OK :D
= Test 11 ==================================================
$> ./yd5iwv9hikmke5w2lk5mpbw9 "ZztupkGveiqBS04 zOViPpYNEG x0TPtrEWdMU8Q zxfEuirbFOh0 NJDdB8K4cMz9oEw 4zu82gG 50fJ6dstF2WwoEl AOs9TD38 hqWKkFe 4olVb 3dGto oVeRB" "dZ4X0a Y7EUmNoLKSqIu iPKqrLgo Xw0f58hCrG VUdFqJKICysOo" "VqDJWLfg4uvS6iN0j tSYoeFJmpaBE5 0SsORuGC LITHech Iegui2G8JA dY61APjr eZa XwkG25loixyvghH 1Lzu4Wh jFpTDdS5Xco DbKY4sj3V Xodzn ajBom" "FZ6O MkYDcA7rBy5edgjbL AzRbaXK Irpt myOcJu9aV" "5HnaLIxpDcw3 0cHND6qUr3Fn EvrY NGi mcW7w2BQHKq64s r2dGsICqAh0M6FB zVJxWX uLiInkojaweG1qM50 XeH znkq51MlIXO7h6 62lGnVqcEjpCdJ LU1azBN2y Jp4 1gfyhsQqXHwiF95Dm qZXMpFRzW1 Ld2ThSqs1XPo4f" "AQ4I3wan8qr16t5y cSbN LOUJaFNkDHBuRsxvQ IoPfUD5eNqBTz xC1t wUpFm0jiaoO7 YnHThcg5JQ76j lJIWY6LPfpOK QFP BM5EZpW v4cQTDCx6bj O85BS76U Rv2LDSEa8CsWqzo 2lLqjCpYMrSKbcOI" "Wdlk RTOjU8NkpWxvByC pwZX9YVUb5Fxa X3ocSLwVId6BR IVN9EwlS4HZ gh5pBHSI VkZAfNM OVlMdPr2uNIT" "OPNrd 8j6ws1BhyzvZX2Q zAm1B2X x5H2S 2VWI8PndaGR FOpQznyboXtdlP 0UYu2ZlBdvjKeAPoy biM rk1SCm4ih7tq 16hubIj2Rgz7 X2Lxd9gCOe6SNpz k9BCJfvxy2tU4hNjD a71hO8FjgY p8CSiek0" "VfQSijM QFs4kRwdVoL AnU6EFmgvfhxSu 8iJtpYsuIr1vk sXn346olgbEc 0FVd Fm82AensdCYwgcPHi OwgzHvsCGD S8cDFysBQ3vz K3xC DGx7LqjbsMvwtumf 0Ldp1vZI9fxi zATnp1ifGZ yitE 6fYFDBu glFE"
$> diff -U 3 user_output_test11 test11.output | cat -e

Diff OK :D
Grade: 1

= Final grade: 1 ===============================================================
