= Host-specific information ====================================================
$> hostname; uname -msr
e1z2r9p27.42.us.org
Darwin 15.6.0 x86_64
$> date
Mon Oct 17 20:35:05 PDT 2016
$> gcc --version
Configured with: --prefix=/Library/Developer/CommandLineTools/usr --with-gxx-include-dir=/usr/include/c++/4.2.1
Apple LLVM version 7.3.0 (clang-703.0.31)
Target: x86_64-apple-darwin15.6.0
Thread model: posix
InstalledDir: /Library/Developer/CommandLineTools/usr/bin
$> clang --version
Apple LLVM version 7.3.0 (clang-703.0.31)
Target: x86_64-apple-darwin15.6.0
Thread model: posix
InstalledDir: /Library/Developer/CommandLineTools/usr/bin

= User files collection ========================================================
Collecting user files from Vogsphere
Repository URL: auto-exam/2016/c-exam-beginner/practice-exam_20161018/dtse2

= Git history ==================================================================
$> git -C /var/folders/sy/8lv1s3_s6418r02sdk_s350h0000gp/T/tmpadPYFA/user log --pretty='%H - %an, %ad : %s'
6dff3d8974a7f37c349b6ce7ee46e3bc81ee2a99 - tsetsefly, Mon Oct 17 20:34:48 2016 -0700 : add
 
= Collected files ==========================================
$> ls -lAR /var/folders/sy/8lv1s3_s6418r02sdk_s350h0000gp/T/tmpadPYFA/user
total 8
-rw-r--r--  1 deepthought  deepthought  236 Oct 17 20:35 __GIT_HISTORY
drwxr-xr-x  3 deepthought  deepthought  102 Oct 17 20:35 sort_list

/var/folders/sy/8lv1s3_s6418r02sdk_s350h0000gp/T/tmpadPYFA/user/sort_list:
total 8
-rw-r--r--  1 deepthought  deepthought  1277 Oct 17 20:35 sort_list.c
 
= sort_list ====================================================================
$> gcc -Wextra -Wall -Werror sort_list.c main.c -o user_exe 

= Test 1 ===================================================
$> ./u512nz2i132wygu7svjttzhn
$> diff -U 3 user_output_test1 test1.output | cat -e

Diff OK :D
Grade: 1

= Final grade: 1 ===============================================================
