= Host-specific information ====================================================
$> hostname; uname -msr
e1z1r7p23.42.us.org
Darwin 15.6.0 x86_64
$> date
Wed Oct 19 17:29:41 PDT 2016
$> gcc --version
Configured with: --prefix=/Library/Developer/CommandLineTools/usr --with-gxx-include-dir=/usr/include/c++/4.2.1
Apple LLVM version 7.3.0 (clang-703.0.31)
Target: x86_64-apple-darwin15.6.0
Thread model: posix
InstalledDir: /Library/Developer/CommandLineTools/usr/bin
$> clang --version
Apple LLVM version 7.3.0 (clang-703.0.31)
Target: x86_64-apple-darwin15.6.0
Thread model: posix
InstalledDir: /Library/Developer/CommandLineTools/usr/bin

= User files collection ========================================================
Collecting user files from Vogsphere
Repository URL: auto-exam/2016/c-exam-beginner/practice-exam_20161019/dtse2

= Git history ==================================================================
$> git -C /var/folders/vr/vddnpyxd7vd7ywc_d2d91mk40000gp/T/tmpU1t5bN/user log --pretty='%H - %an, %ad : %s'
998361dabe6d710f0a4b736da5054fec92da4a1f - tsetsefly, Wed Oct 19 17:29:32 2016 -0700 : push
e83f3bc0cead6d5706b17556597e82f12df15193 - tsetsefly, Wed Oct 19 17:10:04 2016 -0700 : push
 
= Collected files ==========================================
$> ls -lAR /var/folders/vr/vddnpyxd7vd7ywc_d2d91mk40000gp/T/tmpU1t5bN/user
total 8
-rw-r--r--  1 deepthought  deepthought  499 Oct 19 17:29 __GIT_HISTORY
drwxr-xr-x  3 deepthought  deepthought  102 Oct 19 17:29 fprime
drwxr-xr-x  3 deepthought  deepthought  102 Oct 19 17:29 sort_int_tab

/var/folders/vr/vddnpyxd7vd7ywc_d2d91mk40000gp/T/tmpU1t5bN/user/fprime:
total 8
-rw-r--r--  1 deepthought  deepthought  1334 Oct 19 17:29 fprime.c

/var/folders/vr/vddnpyxd7vd7ywc_d2d91mk40000gp/T/tmpU1t5bN/user/sort_int_tab:
total 8
-rw-r--r--  1 deepthought  deepthought  1410 Oct 19 17:29 sort_int_tab.c
 
= sort_int_tab =================================================================
$> gcc -Wextra -Wall -Werror main.c sort_int_tab.c -o user_exe 

= Test 1 ===================================================
$> ./jh97q1pxh27mhtyamv7om64p
$> diff -U 3 user_output_test1 test1.output | cat -e

Diff OK :D
Grade: 1

= Final grade: 1 ===============================================================
