= Host-specific information ====================================================
$> hostname; uname -msr
e1z2r7p46.42.us.org
Darwin 15.6.0 x86_64
$> date
Mon Nov  7 00:06:59 PST 2016
$> gcc --version
Configured with: --prefix=/Applications/Xcode.app/Contents/Developer/usr --with-gxx-include-dir=/usr/include/c++/4.2.1
Apple LLVM version 7.3.0 (clang-703.0.31)
Target: x86_64-apple-darwin15.6.0
Thread model: posix
InstalledDir: /Applications/Xcode.app/Contents/Developer/Toolchains/XcodeDefault.xctoolchain/usr/bin
$> clang --version
Apple LLVM version 7.3.0 (clang-703.0.31)
Target: x86_64-apple-darwin15.6.0
Thread model: posix
InstalledDir: /Applications/Xcode.app/Contents/Developer/Toolchains/XcodeDefault.xctoolchain/usr/bin

= User files collection ========================================================
Collecting user files from Vogsphere
Repository URL: auto-exam/2016/c-exam-beginner/practice-exam_20161107/dtse6

= Git history ==================================================================
$> git -C /var/folders/2y/z35vnp0d6sb6kfsy0vfm23bh0000gp/T/tmpaHi3rE/user log --pretty='%H - %an, %ad : %s'
cd0512120fecbe6ca2e0af8f57d965b3c98522ab - tsetsefly, Mon Nov 7 00:06:49 2016 -0800 : push
 
= Collected files ==========================================
$> ls -lAR /var/folders/2y/z35vnp0d6sb6kfsy0vfm23bh0000gp/T/tmpaHi3rE/user
total 8
-rw-r--r--  1 deepthought  deepthought  251 Nov  7 00:07 __GIT_HISTORY
drwxr-xr-x  3 deepthought  deepthought  102 Nov  7 00:07 ft_itoa_base

/var/folders/2y/z35vnp0d6sb6kfsy0vfm23bh0000gp/T/tmpaHi3rE/user/ft_itoa_base:
total 8
-rw-r--r--  1 deepthought  deepthought  2292 Nov  7 00:07 ft_itoa_base.c
 
= ft_itoa_base =================================================================
$> gcc -Wextra -Wall -Werror ft_itoa_base.c main.c -o user_exe 

= Test 1 ===================================================
$> ./6zxqgvrgzc2m14xo35u3j7tt 
$> diff -U 3 user_output_test1 test1.output | cat -e

Diff OK :D
= Test 2 ===================================================
$> ./4s78jsk6ikg2jte3e78ivnlc "21" "2313" "12"
$> diff -U 3 user_output_test2 test2.output | cat -e

Diff OK :D
= Test 3 ===================================================
$> ./iv9bn6wgsx7fq5wqf3gnbt13 "2147483647" "10"
$> diff -U 3 user_output_test3 test3.output | cat -e

Diff OK :D
= Test 4 ===================================================
$> ./a8uvr0bqgodtnyb0h6n3ueei "-2147483648" "10"
$> diff -U 3 user_output_test4 test4.output | cat -e

Diff OK :D
= Test 5 ===================================================
$> ./hl4cmojh8lxqx9wtvmmb7hrk "0" "2"
$> diff -U 3 user_output_test5 test5.output | cat -e

Diff OK :D
= Test 6 ===================================================
$> ./0z54246zm64mp87cs7ejegbw "--223" "10"
$> diff -U 3 user_output_test6 test6.output | cat -e

Diff OK :D
= Test 7 ===================================================
$> ./cb2ef7amyei79sn3vadq5yqv "533684026" "10"
$> diff -U 3 user_output_test7 test7.output | cat -e

Diff OK :D
= Test 8 ===================================================
$> ./8xgisdnz7ve05917xmxlln46 "1242534590" "2"
$> diff -U 3 user_output_test8 test8.output | cat -e

Diff OK :D
= Test 9 ===================================================
$> ./08bewss5tigjad5yfdd09k10 "1903190943" "6"
$> diff -U 3 user_output_test9 test9.output | cat -e

Diff OK :D
= Test 10 ==================================================
$> ./meawmnuhlkp5cv4rkf9ilio4 "-63672021" "12"
$> diff -U 3 user_output_test10 test10.output | cat -e

Diff OK :D
= Test 11 ==================================================
$> ./8myhgj33ywk9f80n0g3xzub2 "70067433" "11"
$> diff -U 3 user_output_test11 test11.output | cat -e

Diff OK :D
= Test 12 ==================================================
$> ./9o0iciwi3zgnli99b2eh3ers "1655482870" "15"
$> diff -U 3 user_output_test12 test12.output | cat -e

Diff OK :D
= Test 13 ==================================================
$> ./g7o78eepzf24c3nt0185spbo "-49381054" "4"
$> diff -U 3 user_output_test13 test13.output | cat -e

Diff OK :D
= Test 14 ==================================================
$> ./go5dt0r8s2d2di0qwjt4ugno "1992670622" "13"
$> diff -U 3 user_output_test14 test14.output | cat -e

Diff OK :D
= Test 15 ==================================================
$> ./9piwps47b4j2b7gxb026npvb "1142355756" "9"
$> diff -U 3 user_output_test15 test15.output | cat -e

Diff OK :D
= Test 16 ==================================================
$> ./bhqdpcdmz95gw7q3ez4d7rax "149437454" "6"
$> diff -U 3 user_output_test16 test16.output | cat -e

Diff OK :D
= Test 17 ==================================================
$> ./37orgw6bq2hmh0ctu3ultbgh "1182364540" "10"
$> diff -U 3 user_output_test17 test17.output | cat -e

Diff OK :D
= Test 18 ==================================================
$> ./dmhjk0an7rsbp6oeuanhn453 "437799189" "6"
$> diff -U 3 user_output_test18 test18.output | cat -e

Diff OK :D
= Test 19 ==================================================
$> ./s5i4y7extve78qbke00g169b "885390342" "2"
$> diff -U 3 user_output_test19 test19.output | cat -e

Diff OK :D
= Test 20 ==================================================
$> ./cb36ielbkfkt4nay21pa7gvn "259305065" "8"
$> diff -U 3 user_output_test20 test20.output | cat -e

Diff OK :D
Grade: 1

= Final grade: 1 ===============================================================
