= Host-specific information ====================================================
$> hostname; uname -msr
e1z1r2p49.42.us.org
Darwin 15.6.0 x86_64
$> date
Mon Oct 10 21:37:15 PDT 2016
$> gcc --version
Configured with: --prefix=/Library/Developer/CommandLineTools/usr --with-gxx-include-dir=/usr/include/c++/4.2.1
Apple LLVM version 7.3.0 (clang-703.0.31)
Target: x86_64-apple-darwin15.6.0
Thread model: posix
InstalledDir: /Library/Developer/CommandLineTools/usr/bin
$> clang --version
Apple LLVM version 7.3.0 (clang-703.0.31)
Target: x86_64-apple-darwin15.6.0
Thread model: posix
InstalledDir: /Library/Developer/CommandLineTools/usr/bin

= User files collection ========================================================
Collecting user files from Vogsphere
Repository URL: auto-exam/2016/c-exam-beginner/practice-exam_20161011/dtse

= Git history ==================================================================
$> git -C /var/folders/4p/b3bfj6cs40z96zknrlf6ln_c0000gp/T/tmp8t2SiE/user log --pretty='%H - %an, %ad : %s'
e02b234c8753170655c2f4027b4e76c6c7fa9d95 - Daniel Tse, Mon Oct 10 21:36:52 2016 -0700 : 00: final push
 
= Collected files ==========================================
$> ls -lAR /var/folders/4p/b3bfj6cs40z96zknrlf6ln_c0000gp/T/tmp8t2SiE/user
total 8
-rw-r--r--  1 deepthought  deepthought  259 Oct 10 21:37 __GIT_HISTORY
drwxr-xr-x  3 deepthought  deepthought  102 Oct 10 21:37 aff_first_param

/var/folders/4p/b3bfj6cs40z96zknrlf6ln_c0000gp/T/tmp8t2SiE/user/aff_first_param:
total 8
-rw-r--r--  1 deepthought  deepthought  1129 Oct 10 21:37 aff_last_param.c
 
= aff_first_param ==============================================================
$> gcc -Wextra -Wall -Werror  -o user_exe 
clang: error: no input files

Could not compile 'user_exe'
Grade: 0

= Final grade: 0 ===============================================================
