= Host-specific information ====================================================
$> hostname; uname -msr
e1z1r5p2.42.us.org
Darwin 15.6.0 x86_64
$> date
Mon Oct 10 22:05:23 PDT 2016
$> gcc --version
Configured with: --prefix=/Library/Developer/CommandLineTools/usr --with-gxx-include-dir=/usr/include/c++/4.2.1
Apple LLVM version 7.3.0 (clang-703.0.31)
Target: x86_64-apple-darwin15.6.0
Thread model: posix
InstalledDir: /Library/Developer/CommandLineTools/usr/bin
$> clang --version
Apple LLVM version 7.3.0 (clang-703.0.31)
Target: x86_64-apple-darwin15.6.0
Thread model: posix
InstalledDir: /Library/Developer/CommandLineTools/usr/bin

= User files collection ========================================================
Collecting user files from Vogsphere
Repository URL: auto-exam/2016/c-exam-beginner/practice-exam_20161011/dtse

= Git history ==================================================================
$> git -C /var/folders/bc/fg6ygm0142ndgx0wxb9nw_4c0000gp/T/tmp_MytNQ/user log --pretty='%H - %an, %ad : %s'
ec5d5c6b4e1003c3faba703091a564f1f22a74ae - Daniel Tse, Mon Oct 10 22:05:07 2016 -0700 : 00: final push
06c310f11a777e226517bccb5bcc0e774c2e98db - Daniel Tse, Mon Oct 10 21:57:53 2016 -0700 : 00: final push
e02b234c8753170655c2f4027b4e76c6c7fa9d95 - Daniel Tse, Mon Oct 10 21:36:52 2016 -0700 : 00: final push
 
= Collected files ==========================================
$> ls -lAR /var/folders/bc/fg6ygm0142ndgx0wxb9nw_4c0000gp/T/tmp_MytNQ/user
total 8
-rw-r--r--  1 deepthought  deepthought  718 Oct 10 22:05 __GIT_HISTORY
drwxr-xr-x  3 deepthought  deepthought  102 Oct 10 22:05 aff_a
drwxr-xr-x  3 deepthought  deepthought  102 Oct 10 22:05 aff_first_param
drwxr-xr-x  3 deepthought  deepthought  102 Oct 10 22:05 only_z

/var/folders/bc/fg6ygm0142ndgx0wxb9nw_4c0000gp/T/tmp_MytNQ/user/aff_a:
total 8
-rw-r--r--  1 deepthought  deepthought  1132 Oct 10 22:05 aff_a.c

/var/folders/bc/fg6ygm0142ndgx0wxb9nw_4c0000gp/T/tmp_MytNQ/user/aff_first_param:
total 8
-rw-r--r--  1 deepthought  deepthought  1129 Oct 10 22:05 aff_last_param.c

/var/folders/bc/fg6ygm0142ndgx0wxb9nw_4c0000gp/T/tmp_MytNQ/user/only_z:
total 8
-rw-r--r--  1 deepthought  deepthought  70 Oct 10 22:05 only_z.c
 
= only_z =======================================================================
$> gcc -Wextra -Wall -Werror only_z.c -o user_exe 

= Test 1 ===================================================
$> ./4abjdudwdmspc93to02plqd7 
$> diff -U 3 user_output_test1 test1.output | cat -e

Diff OK :D
Grade: 1

= Final grade: 1 ===============================================================
