= Host-specific information ====================================================
$> hostname; uname -msr
e1z1r7p4.42.us.org
Darwin 15.6.0 x86_64
$> date
Mon Oct 10 20:52:24 PDT 2016
$> gcc --version
Configured with: --prefix=/Library/Developer/CommandLineTools/usr --with-gxx-include-dir=/usr/include/c++/4.2.1
Apple LLVM version 7.3.0 (clang-703.0.31)
Target: x86_64-apple-darwin15.6.0
Thread model: posix
InstalledDir: /Library/Developer/CommandLineTools/usr/bin
$> clang --version
Apple LLVM version 7.3.0 (clang-703.0.31)
Target: x86_64-apple-darwin15.6.0
Thread model: posix
InstalledDir: /Library/Developer/CommandLineTools/usr/bin

= User files collection ========================================================
Collecting user files from Vogsphere
Repository URL: auto-exam/2016/c-exam-beginner/practice-exam_20161010/dtse

= Git history ==================================================================
$> git -C /var/folders/_3/g5k0x9093dn2nyysc4z0fg0m0000gp/T/tmpwGYd7S/user log --pretty='%H - %an, %ad : %s'
b688a57bae3b8325a1e2d8744df405c8ef29b912 - Daniel Tse, Mon Oct 10 20:52:10 2016 -0700 : 05: removing extraneous files
d39ba9499d26eab415d0296c74d62ed7a3e55256 - Daniel Tse, Mon Oct 10 20:51:46 2016 -0700 : 05: final push
557ffc760ba9c8f57feecad917393d3997e5552e - Daniel Tse, Mon Oct 10 20:17:21 2016 -0700 : 04: final final push'
1a6593c8342d8bd56a8f4c75d41c184c1efd72c1 - Daniel Tse, Mon Oct 10 20:15:41 2016 -0700 : 04: final push
baca756fae4e0eba8a956c83f7bc5360b91d6fd5 - Daniel Tse, Mon Oct 10 19:45:02 2016 -0700 : 03: final push
6e0ee7b8781267e9f329bce29ddd2c0cd9735a2d - Daniel Tse, Mon Oct 10 17:57:43 2016 -0700 : 02: final push
56329fe2f62c9306320149ad6418caf149eef0d4 - Daniel Tse, Mon Oct 10 17:39:41 2016 -0700 : 01: final push
17fdbe39308beb53ad4628dd2df886ed51ae5076 - Daniel Tse, Mon Oct 10 17:22:18 2016 -0700 : 01: final push
1a6f79ab1660cf03920925825dcee24f7773170b - Daniel Tse, Mon Oct 10 17:06:56 2016 -0700 : 00: final submission
 
= Collected files ==========================================
$> ls -lAR /var/folders/_3/g5k0x9093dn2nyysc4z0fg0m0000gp/T/tmpwGYd7S/user
total 8
-rw-r--r--  1 deepthought  deepthought  2861 Oct 10 20:52 __GIT_HISTORY
drwxr-xr-x  4 deepthought  deepthought   136 Oct 10 20:52 aff_last_param
drwxr-xr-x  4 deepthought  deepthought   136 Oct 10 20:52 do_op
drwxr-xr-x  3 deepthought  deepthought   102 Oct 10 20:52 only_z
drwxr-xr-x  5 deepthought  deepthought   170 Oct 10 20:52 print_memory
drwxr-xr-x  3 deepthought  deepthought   102 Oct 10 20:52 sort_int_tab
drwxr-xr-x  4 deepthought  deepthought   136 Oct 10 20:52 tab_mult
drwxr-xr-x  4 deepthought  deepthought   136 Oct 10 20:52 ulstr

/var/folders/_3/g5k0x9093dn2nyysc4z0fg0m0000gp/T/tmpwGYd7S/user/aff_last_param:
total 32
-rw-r--r--  1 deepthought  deepthought  12288 Oct 10 20:52 .aff_last_param.c.swp
-rw-r--r--  1 deepthought  deepthought   1129 Oct 10 20:52 aff_last_param.c

/var/folders/_3/g5k0x9093dn2nyysc4z0fg0m0000gp/T/tmpwGYd7S/user/do_op:
total 32
-rw-r--r--  1 deepthought  deepthought  12288 Oct 10 20:52 .do_op.c.swp
-rw-r--r--  1 deepthought  deepthought   1323 Oct 10 20:52 do_op.c

/var/folders/_3/g5k0x9093dn2nyysc4z0fg0m0000gp/T/tmpwGYd7S/user/only_z:
total 8
-rw-r--r--  1 deepthought  deepthought  70 Oct 10 20:52 only_z.c

/var/folders/_3/g5k0x9093dn2nyysc4z0fg0m0000gp/T/tmpwGYd7S/user/print_memory:
total 32
-rw-r--r--  1 deepthought  deepthought  6148 Oct 10 20:52 .DS_Store
-rw-r--r--  1 deepthought  deepthought  4096 Oct 10 20:52 ._.DS_Store
-rw-r--r--  1 deepthought  deepthought  1954 Oct 10 20:52 print_memory.c

/var/folders/_3/g5k0x9093dn2nyysc4z0fg0m0000gp/T/tmpwGYd7S/user/sort_int_tab:
total 8
-rw-r--r--  1 deepthought  deepthought  1179 Oct 10 20:52 sort_int_tab.c

/var/folders/_3/g5k0x9093dn2nyysc4z0fg0m0000gp/T/tmpwGYd7S/user/tab_mult:
total 32
-rw-r--r--  1 deepthought  deepthought  1913 Oct 10 20:52 tab_mult.c
-rwxr-xr-x  1 deepthought  deepthought  8648 Oct 10 20:52 test

/var/folders/_3/g5k0x9093dn2nyysc4z0fg0m0000gp/T/tmpwGYd7S/user/ulstr:
total 32
-rw-r--r--  1 deepthought  deepthought  12288 Oct 10 20:52 .ulstr.c.swp
-rw-r--r--  1 deepthought  deepthought   1255 Oct 10 20:52 ulstr.c
 
= print_memory =================================================================
$> gcc -Wextra -Wall -Werror print_memory.c main.c -o user_exe 

= Test 1 ===================================================
$> ./n33ug438kaceovtvts8fq2zz
$> diff -U 3 user_output_test1 test1.output | cat -e

Diff OK :D
Grade: 1

= Final grade: 1 ===============================================================
